2025-04-08 23:33:44.947072 - Received SBGOLOB.CBT509.FILE1059 from FILE1059.XMI 
2025-04-08 23:33:44.949581 - Found $$$#DATE.txt (text/plain) in SBGOLOB.CBT509.FILE1059, moved to PDS/$$$#DATE
2025-04-08 23:33:44.950186 - Found #INDEX.txt (text/plain) in SBGOLOB.CBT509.FILE1059, moved to PDS/#INDEX
2025-04-08 23:33:44.950857 - Found @FIL1059.txt (text/plain) in SBGOLOB.CBT509.FILE1059, moved to PDS/@FIL1059
2025-04-08 23:33:44.951420 - Found @OVRVIEW.txt (text/plain) in SBGOLOB.CBT509.FILE1059, moved to PDS/@OVRVIEW
2025-04-08 23:33:44.952016 - Found ADDROOT.rexx (text/plain) in SBGOLOB.CBT509.FILE1059, moved to PDS/ADDROOT
2025-04-08 23:33:44.952642 - Found BRTHDAYS.rexx (text/plain) in SBGOLOB.CBT509.FILE1059, moved to PDS/BRTHDAYS
2025-04-08 23:33:44.953241 - Found DFLTTLIB.rexx (text/plain) in SBGOLOB.CBT509.FILE1059, moved to PDS/DFLTTLIB
2025-04-08 23:33:44.953821 - Found FAMTREE.rexx (text/plain) in SBGOLOB.CBT509.FILE1059, moved to PDS/FAMTREE
2025-04-08 23:33:44.954412 - Found FCCMDUPD.rexx (text/plain) in SBGOLOB.CBT509.FILE1059, moved to PDS/FCCMDUPD
2025-04-08 23:33:44.955051 - Found FLTTBL.rexx (text/plain) in SBGOLOB.CBT509.FILE1059, moved to PDS/FLTTBL
2025-04-08 23:33:44.955717 - Found FTIMPORT.rexx (text/plain) in SBGOLOB.CBT509.FILE1059, moved to PDS/FTIMPORT
2025-04-08 23:33:44.956311 - Found GENFT.rexx (text/plain) in SBGOLOB.CBT509.FILE1059, moved to PDS/GENFT
2025-04-08 23:33:44.956824 - Found HEADSUP.rexx (text/plain) in SBGOLOB.CBT509.FILE1059, moved to PDS/HEADSUP
2025-04-08 23:33:44.957458 - Found LA.rexx (text/plain) in SBGOLOB.CBT509.FILE1059, moved to PDS/LA
2025-04-08 23:33:44.958065 - Found ORDINAL.rexx (text/plain) in SBGOLOB.CBT509.FILE1059, moved to PDS/ORDINAL
2025-04-08 23:33:44.958663 - Found REORDER.rexx (text/plain) in SBGOLOB.CBT509.FILE1059, moved to PDS/REORDER
2025-04-08 23:33:44.959289 - Found RSTTBL.rexx (text/plain) in SBGOLOB.CBT509.FILE1059, moved to PDS/RSTTBL
2025-04-08 23:33:44.959857 - Found SHUFFLE.rexx (text/plain) in SBGOLOB.CBT509.FILE1059, moved to PDS/SHUFFLE
2025-04-08 23:33:44.960411 - Found STRSORT.rexx (text/plain) in SBGOLOB.CBT509.FILE1059, moved to PDS/STRSORT
2025-04-08 23:33:44.961032 - Found TBCOPY.rexx (text/plain) in SBGOLOB.CBT509.FILE1059, moved to PDS/TBCOPY
2025-04-08 23:33:44.961578 - Found TBLGEN.rexx (text/plain) in SBGOLOB.CBT509.FILE1059, moved to PDS/TBLGEN
2025-04-08 23:33:44.962146 - Found TBLMSTR.rexx (text/plain) in SBGOLOB.CBT509.FILE1059, moved to PDS/TBLMSTR
2025-04-08 23:33:44.962687 - Found TRAPOUT.rexx (text/plain) in SBGOLOB.CBT509.FILE1059, moved to PDS/TRAPOUT
